2024-07-04 11:24:37 info: 2024-07-04T15:24:37.891Z GET /api/pizzas 304 93.448 ms - - - User: 3
2024-07-04 11:24:37 info: 2024-07-04T15:24:37.894Z GET /api/pizzas 304 1.663 ms - - - User: 3
2024-07-04 11:24:42 info: 2024-07-04T15:24:42.469Z GET /api/toppings 304 4.902 ms - - - User: 3
2024-07-04 11:24:42 info: 2024-07-04T15:24:42.470Z GET /api/pizzas/1 304 4.162 ms - - - User: 3
2024-07-04 11:24:42 info: 2024-07-04T15:24:42.475Z GET /api/pizzas/1 304 1.202 ms - - - User: 3
2024-07-04 11:24:42 info: 2024-07-04T15:24:42.480Z GET /api/toppings 304 4.935 ms - - - User: 3
2024-07-04 11:25:04 info: 2024-07-04T15:25:04.501Z POST /api/orders/create 201 91.834 ms - 383 - User: 3
2024-07-04 11:25:06 info: 2024-07-04T15:25:06.011Z GET /api/pizzas 304 3.091 ms - - - User: 3
2024-07-04 11:25:06 info: 2024-07-04T15:25:06.019Z GET /api/pizzas 304 4.349 ms - - - User: 3
2024-07-04 11:25:35 info: 2024-07-04T15:25:35.814Z POST /api/auth/login 200 62.233 ms - 166 - User: guest
2024-07-04 11:25:35 info: 2024-07-04T15:25:35.965Z GET /api/pizzas 304 2.063 ms - - - User: 3
2024-07-04 11:25:36 info: 2024-07-04T15:25:36.060Z GET /api/pizzas 304 70.756 ms - - - User: 3
2024-07-04 11:43:03 info: 2024-07-04T15:43:03.333Z GET /api/pizzas 304 174.321 ms - - - User: 3
2024-07-04 11:43:03 info: 2024-07-04T15:43:03.340Z GET /api/pizzas 304 3.764 ms - - - User: 3
2024-07-04 11:43:14 info: 2024-07-04T15:43:14.099Z POST /api/auth/login 404 3.623 ms - 28 - User: guest
2024-07-04 11:43:16 info: 2024-07-04T15:43:16.008Z POST /api/auth/login 404 1.438 ms - 28 - User: guest
2024-07-04 11:43:37 info: 2024-07-04T15:43:37.937Z POST /api/auth/login 200 62.007 ms - 166 - User: guest
2024-07-04 11:43:38 info: 2024-07-04T15:43:38.012Z GET /api/pizzas 304 8.392 ms - - - User: 3
2024-07-04 11:43:38 info: 2024-07-04T15:43:38.085Z GET /api/pizzas 304 59.280 ms - - - User: 3
2024-07-04 11:54:10 info: 2024-07-04T15:54:10.463Z GET /api/pizzas 304 168.388 ms - - - User: 3
2024-07-04 11:54:10 info: 2024-07-04T15:54:10.783Z GET /api/pizzas 304 317.937 ms - - - User: 3
2024-07-04 11:54:23 info: 2024-07-04T15:54:23.706Z POST /api/auth/login 200 63.280 ms - 166 - User: guest
2024-07-04 11:54:23 info: 2024-07-04T15:54:23.781Z GET /api/pizzas 304 7.281 ms - - - User: 3
2024-07-04 11:54:23 info: 2024-07-04T15:54:23.797Z GET /api/pizzas 304 13.189 ms - - - User: 3
2024-07-04 11:56:22 info: 2024-07-04T15:56:22.873Z GET /api/pizzas 304 82.024 ms - - - User: 3
2024-07-04 11:56:23 info: 2024-07-04T15:56:23.148Z GET /api/pizzas 304 271.702 ms - - - User: 3
2024-07-04 11:56:27 info: 2024-07-04T15:56:27.941Z GET /api/pizzas 304 7.586 ms - - - User: 3
2024-07-04 11:56:27 info: 2024-07-04T15:56:27.988Z GET /api/pizzas 304 46.010 ms - - - User: 3
2024-07-04 11:56:29 info: 2024-07-04T15:56:29.146Z GET /api/pizzas/1 304 2.981 ms - - - User: 3
2024-07-04 11:56:29 info: 2024-07-04T15:56:29.149Z GET /api/pizzas/1 304 1.133 ms - - - User: 3
2024-07-04 11:56:29 info: 2024-07-04T15:56:29.154Z GET /api/toppings 304 10.234 ms - - - User: 3
2024-07-04 11:56:29 info: 2024-07-04T15:56:29.155Z GET /api/toppings 304 0.563 ms - - - User: 3
2024-07-04 18:50:13 info: 2024-07-04T18:50:13.414Z GET /api/pizzas 401 5.782 ms - 26 - User: guest
2024-07-04 18:50:54 info: 2024-07-04T18:50:54.295Z POST /api/auth/login 500 5159.755 ms - 411 - User: guest
2024-07-04 18:56:52 info: 2024-07-04T18:56:52.670Z GET /api/pizzas 401 48.886 ms - 26 - User: guest
2024-07-04 18:57:23 info: 2024-07-04T18:57:23.266Z POST /api/auth/register 500 5216.066 ms - 459 - User: guest
2024-07-04 19:44:38 info: 2024-07-04T19:44:38.410Z POST /api/auth/register 500 264.756 ms - 404 - User: guest
2024-07-04 20:45:19 info: 2024-07-04T20:45:19.857Z GET /api/pizzas 401 18.299 ms - 26 - User: guest
2024-07-04 20:45:31 info: 2024-07-04T20:45:31.058Z GET /api/pizzas 401 5.823 ms - 26 - User: guest
2024-07-04 20:45:35 info: 2024-07-04T20:45:35.483Z GET /api/pizzas 401 9.453 ms - 26 - User: guest
2024-07-04 20:46:08 info: 2024-07-04T20:46:08.398Z POST /api/auth/register 500 5095.584 ms - 459 - User: guest
2024-07-04 22:38:10 info: 2024-07-04T22:38:10.037Z GET /api/pizzas 401 22.333 ms - 26 - User: guest
2024-07-04 22:38:24 info: 2024-07-04T22:38:24.533Z POST /api/auth/register 500 136.049 ms - 30 - User: guest
2024-07-04 22:40:19 info: 2024-07-04T22:40:19.426Z GET /api/pizzas 401 8.229 ms - 26 - User: guest
2024-07-04 22:40:36 info: 2024-07-04T22:40:36.525Z POST /api/auth/register 500 5129.619 ms - 459 - User: guest
2024-07-04 22:53:07 info: 2024-07-04T22:53:07.639Z GET /api/pizzas 401 5.965 ms - 26 - User: guest
2024-07-04 22:53:26 info: 2024-07-04T22:53:26.109Z POST /api/auth/register 500 102.622 ms - 390 - User: guest
2024-07-04 22:54:57 info: 2024-07-04T22:54:57.303Z POST /api/auth/register 500 85.400 ms - 37 - User: guest
2024-07-04 22:57:53 info: 2024-07-04T22:57:53.527Z POST /api/auth/register 500 5167.319 ms - 459 - User: guest
2024-07-04 22:58:12 info: 2024-07-04T22:58:12.987Z POST /api/auth/register 201 187.206 ms - 42 - User: guest
2024-07-04 22:58:32 info: 2024-07-04T22:58:32.432Z POST /api/auth/login 200 79.454 ms - 166 - User: guest
2024-07-04 22:58:32 info: 2024-07-04T22:58:32.548Z GET /api/pizzas 200 10.000 ms - 2 - User: 4
2024-07-04 22:58:42 info: 2024-07-04T22:58:42.872Z GET /api/pizzas 304 5.290 ms - - - User: 4
2024-07-04 23:00:39 info: 2024-07-04T23:00:39.348Z POST /api/auth/register 201 85.924 ms - 42 - User: guest
2024-07-04 23:01:03 info: 2024-07-04T23:01:03.560Z POST /api/auth/login 200 73.834 ms - 166 - User: guest
2024-07-04 23:01:03 info: 2024-07-04T23:01:03.602Z GET /api/pizzas 304 1.984 ms - - - User: 5
2024-07-04 23:09:32 info: 2024-07-04T23:09:32.449Z GET /api/pizzas 200 92.367 ms - 466 - User: 5
2024-07-04 23:09:47 info: 2024-07-04T23:09:47.578Z GET /api/orders/my-orders/5 200 27.274 ms - 2 - User: 5
2024-07-04 23:09:49 info: 2024-07-04T23:09:49.364Z GET /api/pizzas 304 6.408 ms - - - User: 5
2024-07-04 23:09:50 info: 2024-07-04T23:09:50.953Z GET /api/toppings 200 4.286 ms - 82 - User: 5
2024-07-04 23:09:50 info: 2024-07-04T23:09:50.957Z GET /api/pizzas/1 304 6.550 ms - - - User: 5
2024-07-04 23:09:57 info: 2024-07-04T23:09:57.320Z POST /api/orders/create 201 16.020 ms - 378 - User: 5
2024-07-04 23:10:00 info: 2024-07-04T23:10:00.336Z GET /api/pizzas 304 1.468 ms - - - User: 5
2024-07-04 23:10:01 info: 2024-07-04T23:10:01.868Z GET /api/orders/my-orders/5 200 4.338 ms - 331 - User: 5
2024-07-04 23:10:04 info: 2024-07-04T23:10:04.018Z GET /api/pizzas 304 5.537 ms - - - User: 5
2024-07-05 00:00:23 info: 2024-07-05T00:00:23.040Z GET /api/pizzas 500 5050.979 ms - 401 - User: 5
2024-07-05 00:00:33 info: 2024-07-05T00:00:33.158Z POST /api/auth/login 200 118.798 ms - 166 - User: guest
2024-07-05 00:00:33 info: 2024-07-05T00:00:33.260Z GET /api/pizzas 200 9.200 ms - 931 - User: 3
2024-07-04 20:10:06 info: 2024-07-05T00:10:06.281Z GET /api/pizzas 401 2.521 ms - 26 - User: guest
2024-07-04 20:10:06 info: 2024-07-05T00:10:06.283Z GET /api/pizzas 401 0.590 ms - 26 - User: guest
2024-07-04 20:10:20 info: 2024-07-05T00:10:20.136Z POST /api/auth/login 400 118.607 ms - 30 - User: guest
2024-07-04 20:10:21 info: 2024-07-05T00:10:21.767Z POST /api/auth/login 400 62.555 ms - 30 - User: guest
2024-07-04 20:10:40 info: 2024-07-05T00:10:40.338Z POST /api/auth/login 400 59.618 ms - 30 - User: guest
2024-07-04 20:10:53 info: 2024-07-05T00:10:53.684Z POST /api/auth/login 200 59.820 ms - 166 - User: guest
2024-07-04 20:10:53 info: 2024-07-05T00:10:53.752Z GET /api/pizzas 200 7.178 ms - 607 - User: 3
2024-07-04 20:10:53 info: 2024-07-05T00:10:53.754Z GET /api/pizzas 304 0.950 ms - - - User: 3
2024-07-04 20:13:32 info: 2024-07-05T00:13:32.136Z GET /api/pizzas 304 2.925 ms - - - User: 3
2024-07-04 20:13:32 info: 2024-07-05T00:13:32.150Z GET /api/pizzas 304 12.729 ms - - - User: 3
2024-07-04 20:17:12 info: 2024-07-05T00:17:12.089Z GET /api/orders/my-orders/3 200 11.478 ms - 1004 - User: 3
2024-07-04 20:17:12 info: 2024-07-05T00:17:12.094Z GET /api/orders/my-orders/3 304 3.549 ms - - - User: 3
2024-07-04 20:17:19 info: 2024-07-05T00:17:19.120Z GET /api/orders/my-orders/3 304 4.297 ms - - - User: 3
2024-07-04 20:17:19 info: 2024-07-05T00:17:19.124Z GET /api/orders/my-orders/3 304 3.013 ms - - - User: 3
2024-07-04 20:19:28 info: 2024-07-05T00:19:28.142Z GET /api/orders/my-orders/3 304 4.574 ms - - - User: 3
2024-07-04 20:19:28 info: 2024-07-05T00:19:28.145Z GET /api/orders/my-orders/3 304 2.754 ms - - - User: 3
2024-07-04 20:21:18 info: 2024-07-05T00:21:18.246Z GET /api/orders/my-orders/3 304 3.378 ms - - - User: 3
2024-07-04 20:21:18 info: 2024-07-05T00:21:18.251Z GET /api/orders/my-orders/3 304 3.457 ms - - - User: 3
2024-07-04 20:24:18 info: 2024-07-05T00:24:18.705Z GET /api/orders/my-orders/3 304 3.231 ms - - - User: 3
2024-07-04 20:24:34 info: 2024-07-05T00:24:34.712Z GET /api/orders/my-orders/3 304 2.949 ms - - - User: 3
2024-07-04 20:24:38 info: 2024-07-05T00:24:38.153Z GET /api/orders/my-orders/3 304 2.075 ms - - - User: 3
2024-07-04 20:24:38 info: 2024-07-05T00:24:38.155Z GET /api/orders/my-orders/3 304 1.279 ms - - - User: 3
2024-07-04 20:24:43 info: 2024-07-05T00:24:43.494Z GET /api/pizzas 304 2.297 ms - - - User: 3
2024-07-04 20:24:43 info: 2024-07-05T00:24:43.497Z GET /api/pizzas 304 1.016 ms - - - User: 3
2024-07-04 20:24:44 info: 2024-07-05T00:24:44.612Z GET /api/orders/my-orders/3 304 3.423 ms - - - User: 3
2024-07-04 20:24:44 info: 2024-07-05T00:24:44.616Z GET /api/orders/my-orders/3 304 2.484 ms - - - User: 3
2024-07-04 20:24:47 info: 2024-07-05T00:24:47.755Z GET /api/pizzas 304 1.695 ms - - - User: 3
2024-07-04 20:24:47 info: 2024-07-05T00:24:47.758Z GET /api/pizzas 304 1.486 ms - - - User: 3
2024-07-04 20:24:49 info: 2024-07-05T00:24:49.030Z GET /api/pizzas/2 304 3.216 ms - - - User: 3
2024-07-04 20:24:49 info: 2024-07-05T00:24:49.033Z GET /api/pizzas/2 304 1.729 ms - - - User: 3
2024-07-04 20:24:49 info: 2024-07-05T00:24:49.039Z GET /api/toppings 200 5.484 ms - 56 - User: 3
2024-07-04 20:24:49 info: 2024-07-05T00:24:49.040Z GET /api/toppings 304 1.105 ms - - - User: 3
2024-07-04 20:26:53 info: 2024-07-05T00:26:53.720Z GET /api/toppings 304 12.872 ms - - - User: 3
2024-07-04 20:26:53 info: 2024-07-05T00:26:53.721Z GET /api/pizzas/2 304 12.889 ms - - - User: 3
2024-07-04 20:30:56 info: 2024-07-05T00:30:56.463Z GET /api/pizzas 304 3.388 ms - - - User: 3
2024-07-04 20:30:56 info: 2024-07-05T00:30:56.465Z GET /api/pizzas 304 0.942 ms - - - User: 3
2024-07-04 20:30:57 info: 2024-07-05T00:30:57.823Z GET /api/toppings 304 1.875 ms - - - User: 3
2024-07-04 20:30:57 info: 2024-07-05T00:30:57.829Z GET /api/toppings 304 2.384 ms - - - User: 3
2024-07-04 20:30:57 info: 2024-07-05T00:30:57.836Z GET /api/pizzas/1 304 13.544 ms - - - User: 3
2024-07-04 20:30:57 info: 2024-07-05T00:30:57.839Z GET /api/pizzas/1 304 1.924 ms - - - User: 3
2024-07-04 20:31:28 info: 2024-07-05T00:31:28.462Z GET /api/pizzas 304 3.429 ms - - - User: 3
2024-07-04 20:31:28 info: 2024-07-05T00:31:28.465Z GET /api/pizzas 304 1.715 ms - - - User: 3
2024-07-04 20:31:29 info: 2024-07-05T00:31:29.778Z GET /api/pizzas/1 304 2.578 ms - - - User: 3
2024-07-04 20:31:29 info: 2024-07-05T00:31:29.779Z GET /api/toppings 304 2.142 ms - - - User: 3
2024-07-04 20:31:29 info: 2024-07-05T00:31:29.781Z GET /api/toppings 304 0.833 ms - - - User: 3
2024-07-04 20:31:29 info: 2024-07-05T00:31:29.783Z GET /api/pizzas/1 304 3.331 ms - - - User: 3
2024-07-04 20:31:36 info: 2024-07-05T00:31:36.358Z POST /api/orders/create 201 39.534 ms - 383 - User: 3
2024-07-04 20:31:40 info: 2024-07-05T00:31:40.668Z GET /api/pizzas 304 2.600 ms - - - User: 3
2024-07-04 20:31:40 info: 2024-07-05T00:31:40.670Z GET /api/pizzas 304 1.176 ms - - - User: 3
2024-07-04 20:31:41 info: 2024-07-05T00:31:41.849Z GET /api/orders/my-orders/3 200 4.846 ms - 1339 - User: 3
2024-07-04 20:31:41 info: 2024-07-05T00:31:41.853Z GET /api/orders/my-orders/3 304 3.451 ms - - - User: 3
2024-07-04 20:31:45 info: 2024-07-05T00:31:45.384Z GET /api/pizzas 304 2.125 ms - - - User: 3
2024-07-04 20:31:45 info: 2024-07-05T00:31:45.388Z GET /api/pizzas 304 2.087 ms - - - User: 3
2024-07-04 20:34:05 info: 2024-07-05T00:34:05.712Z GET /api/toppings 304 2.797 ms - - - User: 3
2024-07-04 20:34:05 info: 2024-07-05T00:34:05.714Z GET /api/pizzas/1 304 2.692 ms - - - User: 3
2024-07-04 20:34:05 info: 2024-07-05T00:34:05.715Z GET /api/toppings 304 0.643 ms - - - User: 3
2024-07-04 20:34:05 info: 2024-07-05T00:34:05.716Z GET /api/pizzas/1 304 1.215 ms - - - User: 3
2024-07-04 20:35:01 info: 2024-07-05T00:35:01.449Z GET /api/pizzas 304 12.851 ms - - - User: 3
2024-07-04 20:35:01 info: 2024-07-05T00:35:01.452Z GET /api/pizzas 304 1.941 ms - - - User: 3
2024-07-04 20:35:02 info: 2024-07-05T00:35:02.591Z GET /api/pizzas/2 304 20.025 ms - - - User: 3
2024-07-04 20:35:02 info: 2024-07-05T00:35:02.592Z GET /api/toppings 304 19.534 ms - - - User: 3
2024-07-04 20:35:02 info: 2024-07-05T00:35:02.594Z GET /api/toppings 304 0.387 ms - - - User: 3
2024-07-04 20:35:02 info: 2024-07-05T00:35:02.594Z GET /api/pizzas/2 304 1.140 ms - - - User: 3
2024-07-04 20:36:09 info: 2024-07-05T00:36:09.405Z POST /api/orders/create 201 52.136 ms - 529 - User: 3
2024-07-04 20:36:10 info: 2024-07-05T00:36:10.881Z GET /api/pizzas 304 2.801 ms - - - User: 3
2024-07-04 20:36:10 info: 2024-07-05T00:36:10.883Z GET /api/pizzas 304 1.608 ms - - - User: 3
2024-07-04 20:36:11 info: 2024-07-05T00:36:11.772Z GET /api/orders/my-orders/3 200 3.075 ms - 1820 - User: 3
2024-07-04 20:36:11 info: 2024-07-05T00:36:11.775Z GET /api/orders/my-orders/3 304 2.238 ms - - - User: 3
2024-07-04 20:36:17 info: 2024-07-05T00:36:17.168Z GET /api/pizzas 304 2.544 ms - - - User: 3
2024-07-04 20:36:17 info: 2024-07-05T00:36:17.171Z GET /api/pizzas 304 1.588 ms - - - User: 3
2024-07-04 20:36:20 info: 2024-07-05T00:36:20.037Z GET /api/orders/my-orders/3 304 2.921 ms - - - User: 3
2024-07-04 20:36:20 info: 2024-07-05T00:36:20.051Z GET /api/orders/my-orders/3 304 5.464 ms - - - User: 3
2024-07-04 20:39:08 info: 2024-07-05T00:39:08.000Z POST /api/auth/login 200 61.445 ms - 166 - User: guest
2024-07-04 20:39:08 info: 2024-07-05T00:39:08.060Z GET /api/pizzas 304 1.291 ms - - - User: 3
2024-07-04 20:39:08 info: 2024-07-05T00:39:08.062Z GET /api/pizzas 304 0.868 ms - - - User: 3
2024-07-04 20:39:12 info: 2024-07-05T00:39:12.220Z GET /api/orders/my-orders/null 200 3.765 ms - 1820 - User: 3
2024-07-04 20:39:12 info: 2024-07-05T00:39:12.225Z GET /api/orders/my-orders/null 304 3.900 ms - - - User: 3
2024-07-04 20:39:17 info: 2024-07-05T00:39:17.375Z GET /api/pizzas 304 2.474 ms - - - User: 3
2024-07-04 20:39:17 info: 2024-07-05T00:39:17.377Z GET /api/pizzas 304 1.109 ms - - - User: 3
2024-07-04 20:39:20 info: 2024-07-05T00:39:20.674Z GET /api/orders/my-orders/null 304 3.037 ms - - - User: 3
2024-07-04 20:39:20 info: 2024-07-05T00:39:20.676Z GET /api/orders/my-orders/null 304 1.722 ms - - - User: 3
